<?xml version="1.0" encoding="UTF-8"?>
<!-- Generated by org.testng.reporters.JUnitXMLReporter -->
<testsuite ignored="2" hostname="DESKTOP-Q9CLIP0" failures="0" tests="3" name="Default test" time="5.654" errors="0" timestamp="2022-08-27T11:06:46 IST">
  <testcase classname="com.qa.tests.DynamicJsonHandle" name="checkAddBookUsingDataProviderMethod" time="4.333"/>
  <testcase classname="com.qa.tests.DynamicJsonHandle" name="checkAddBookUsingDataProviderMethod" time="0.55"/>
  <testcase classname="com.qa.tests.DynamicJsonHandle" name="checkAddBookUsingDataProviderMethod" time="0.697"/>
  <testcase classname="com.qa.tests.DynamicJsonHandle" name="checkAddBookWithStaticPaylod" time="0.0">
    <ignored/>
  </testcase> <!-- checkAddBookWithStaticPaylod -->
  <testcase classname="com.qa.tests.DynamicJsonHandle" name="deleteBook" time="0.0">
    <ignored/>
  </testcase> <!-- deleteBook -->
</testsuite> <!-- Default test -->
