<?xml version="1.0" encoding="UTF-8"?>
<testng-results ignored="2" total="5" passed="3" failed="0" skipped="0">
  <reporter-output>
  </reporter-output>
  <suite started-at="2022-08-27T11:06:41 IST" name="Default suite" finished-at="2022-08-27T11:06:46 IST" duration-ms="5654">
    <groups>
    </groups>
    <test started-at="2022-08-27T11:06:41 IST" name="Default test" finished-at="2022-08-27T11:06:46 IST" duration-ms="5654">
      <class name="com.qa.tests.DynamicJsonHandle">
        <test-method signature="checkAddBookUsingDataProviderMethod(java.lang.String,java.lang.String)[pri:0, instance:com.qa.tests.DynamicJsonHandle@3eb7fc54]" started-at="2022-08-27T11:06:41 IST" name="checkAddBookUsingDataProviderMethod" data-provider="BookData" finished-at="2022-08-27T11:06:45 IST" duration-ms="4333" status="PASS">
          <params>
            <param index="0">
              <value>
                <![CDATA[111]]>
              </value>
            </param>
            <param index="1">
              <value>
                <![CDATA[test1]]>
              </value>
            </param>
          </params>
          <reporter-output>
          </reporter-output>
        </test-method> <!-- checkAddBookUsingDataProviderMethod -->
        <test-method signature="checkAddBookUsingDataProviderMethod(java.lang.String,java.lang.String)[pri:0, instance:com.qa.tests.DynamicJsonHandle@3eb7fc54]" started-at="2022-08-27T11:06:45 IST" name="checkAddBookUsingDataProviderMethod" data-provider="BookData" finished-at="2022-08-27T11:06:45 IST" duration-ms="550" status="PASS">
          <params>
            <param index="0">
              <value>
                <![CDATA[112]]>
              </value>
            </param>
            <param index="1">
              <value>
                <![CDATA[test2]]>
              </value>
            </param>
          </params>
          <reporter-output>
          </reporter-output>
        </test-method> <!-- checkAddBookUsingDataProviderMethod -->
        <test-method signature="checkAddBookUsingDataProviderMethod(java.lang.String,java.lang.String)[pri:0, instance:com.qa.tests.DynamicJsonHandle@3eb7fc54]" started-at="2022-08-27T11:06:45 IST" name="checkAddBookUsingDataProviderMethod" data-provider="BookData" finished-at="2022-08-27T11:06:46 IST" duration-ms="697" status="PASS">
          <params>
            <param index="0">
              <value>
                <![CDATA[113]]>
              </value>
            </param>
            <param index="1">
              <value>
                <![CDATA[test3]]>
              </value>
            </param>
          </params>
          <reporter-output>
          </reporter-output>
        </test-method> <!-- checkAddBookUsingDataProviderMethod -->
      </class> <!-- com.qa.tests.DynamicJsonHandle -->
    </test> <!-- Default test -->
  </suite> <!-- Default suite -->
</testng-results>
